This is pdfTeX, Version 3.1415926-2.3-1.40.12 (MiKTeX 2.9) (preloaded format=pdflatex 2016.6.17)  2 JUL 2016 16:43
entering extended mode
**C:/Users/liu/Desktop/王老师修改/liufangyuan-paper-master/icstdoc.tex
(C:/Users/liu/Desktop/王老师修改/liufangyuan-paper-master/icstdoc.tex
LaTeX2e <2011/06/27>
Babel <v3.8m> and hyphenation patterns for loaded.

(C:\Users\liu\Desktop\王老师修改\liufangyuan-paper-master\sig-alternate-05
-2015.cls (D:\CTEX\MiKTeX\tex\latex\graphics\epsfig.sty
Package: epsfig 1999/02/16 v1.7a (e)psfig emulation (SPQR)

(D:\CTEX\MiKTeX\tex\latex\graphics\graphicx.sty
Package: graphicx 1999/02/16 v1.0f Enhanced LaTeX Graphics (DPC,SPQR)

(D:\CTEX\MiKTeX\tex\latex\graphics\keyval.sty
Package: keyval 1999/03/16 v1.13 key=value parser (DPC)
\KV@toks@=\toks14
)
(D:\CTEX\MiKTeX\tex\latex\graphics\graphics.sty
Package: graphics 2009/02/05 v1.0o Standard LaTeX Graphics (DPC,SPQR)

(D:\CTEX\MiKTeX\tex\latex\graphics\trig.sty
Package: trig 1999/03/16 v1.09 sin cos tan (DPC)
)
(D:\CTEX\MiKTeX\tex\latex\00miktex\graphics.cfg
File: graphics.cfg 2007/01/18 v1.5 graphics configuration of teTeX/TeXLive
)
Package graphics Info: Driver file: pdftex.def on input line 91.

(D:\CTEX\MiKTeX\tex\latex\pdftex-def\pdftex.def
File: pdftex.def 2011/05/27 v0.06d Graphics/color for pdfTeX

(D:\CTEX\MiKTeX\tex\generic\oberdiek\infwarerr.sty
Package: infwarerr 2010/04/08 v1.3 Providing info/warning/message (HO)
)
(D:\CTEX\MiKTeX\tex\generic\oberdiek\ltxcmds.sty
Package: ltxcmds 2011/04/18 v1.20 LaTeX kernel commands for general use (HO)
)
\Gread@gobject=\count79
))
\Gin@req@height=\dimen102
\Gin@req@width=\dimen103
)
\epsfxsize=\dimen104
\epsfysize=\dimen105
)
(D:\CTEX\MiKTeX\tex\latex\amsfonts\amssymb.sty
Package: amssymb 2009/06/22 v3.00

(D:\CTEX\MiKTeX\tex\latex\amsfonts\amsfonts.sty
Package: amsfonts 2009/06/22 v3.00 Basic AMSFonts support
\@emptytoks=\toks15
\symAMSa=\mathgroup4
\symAMSb=\mathgroup5
LaTeX Font Info:    Overwriting math alphabet `\mathfrak' in version `bold'
(Font)                  U/euf/m/n --> U/euf/b/n on input line 96.
))
(D:\CTEX\MiKTeX\tex\latex\ams\math\amsmath.sty
Package: amsmath 2000/07/18 v2.13 AMS math features
\@mathmargin=\skip41

For additional information on amsmath, use the `?' option.
(D:\CTEX\MiKTeX\tex\latex\ams\math\amstext.sty
Package: amstext 2000/06/29 v2.01

(D:\CTEX\MiKTeX\tex\latex\ams\math\amsgen.sty
File: amsgen.sty 1999/11/30 v2.0
\@emptytoks=\toks16
\ex@=\dimen106
))
(D:\CTEX\MiKTeX\tex\latex\ams\math\amsbsy.sty
Package: amsbsy 1999/11/29 v1.2d
\pmbraise@=\dimen107
)
(D:\CTEX\MiKTeX\tex\latex\ams\math\amsopn.sty
Package: amsopn 1999/12/14 v2.01 operator names
)
\inf@bad=\count80
LaTeX Info: Redefining \frac on input line 211.
\uproot@=\count81
\leftroot@=\count82
LaTeX Info: Redefining \overline on input line 307.
\classnum@=\count83
\DOTSCASE@=\count84
LaTeX Info: Redefining \ldots on input line 379.
LaTeX Info: Redefining \dots on input line 382.
LaTeX Info: Redefining \cdots on input line 467.
\Mathstrutbox@=\box26
\strutbox@=\box27
\big@size=\dimen108
LaTeX Font Info:    Redeclaring font encoding OML on input line 567.
LaTeX Font Info:    Redeclaring font encoding OMS on input line 568.
\macc@depth=\count85
\c@MaxMatrixCols=\count86
\dotsspace@=\muskip10
\c@parentequation=\count87
\dspbrk@lvl=\count88
\tag@help=\toks17
\row@=\count89
\column@=\count90
\maxfields@=\count91
\andhelp@=\toks18
\eqnshift@=\dimen109
\alignsep@=\dimen110
\tagshift@=\dimen111
\tagwidth@=\dimen112
\totwidth@=\dimen113
\lineht@=\dimen114
\@envbody=\toks19
\multlinegap=\skip42
\multlinetaggap=\skip43
\mathdisplay@stack=\toks20
LaTeX Info: Redefining \[ on input line 2666.
LaTeX Info: Redefining \] on input line 2667.
)
Document Class 'sig-alternate' <9th June '13>. Modified by G.K.M. Tobin/Gerry M
urray/Boris Veytsman
Based in part upon document Style `acmconf' <22 May 89>. Hacked 4/91 by
shivers@cs.cmu.edu, 4/93 by theobald@cs.mcgill.ca
Excerpts were taken from (Journal Style) 'esub2acm.cls'.
****** Bugs/comments/suggestions/technicalities to Gerry Murray -- murray@hq.ac
m.org ******
Questions on the style, SIGS policies, etc. to Adrienne Griscti griscti@acm.org

\ACM@basesize=\count92
(D:\CTEX\MiKTeX\tex\latex\comment\comment.sty
\CommentStream=\write3
 Excluding comment 'comment')
Excluding comment 'CCSXML'
\footheight=\dimen115
\@maxsep=\dimen116
\@dblmaxsep=\dimen117
 (D:\CTEX\MiKTeX\tex\generic\oberdiek\ifpdf.sty
Package: ifpdf 2011/01/30 v2.3 Provides the ifpdf switch (HO)
Package ifpdf Info: pdfTeX in PDF mode is detected.
)
\aucount=\count93
\originalaucount=\count94
\auwidth=\dimen118
\auskip=\dimen119
\auskipcount=\count95
\auskip=\dimen120
\allauboxes=\dimen121
\addauthors=\toks21
\addauflag=\count96
\subtitletext=\toks22
\savesection=\count97
\sectioncntr=\count98
\c@figure=\count99
\c@table=\count100
\titleboxnotes=\toks23
\titleboxnoteflag=\count101


LaTeX Warning: You have requested document class `sig-alternate-05-2015',
               but the document class provides `sig-alternate'.

Document Class: sig-alternate 2013/05/12 v2.7 based on acmproc.cls V1.3 <Nov. 3
0 '99>
(D:\CTEX\MiKTeX\tex\latex\base\latexsym.sty
Package: latexsym 1998/08/17 v2.2e Standard LaTeX package (lasy symbols)
\symlasy=\mathgroup6
LaTeX Font Info:    Overwriting symbol font `lasy' in version `bold'
(Font)                  U/lasy/m/n --> U/lasy/b/n on input line 47.
)
\@acmtitlebox=\box28
\titlenotecount=\count102
\tntoks=\toks24
\tntokstwo=\toks25
\tntoksthree=\toks26
\tntoksfour=\toks27
\tntoksfive=\toks28
\catcount=\count103
\copyrightnotice=\toks29
\conf=\toks30
\confinfo=\toks31
\c@part=\count104
\c@section=\count105
\c@subsection=\count106
\c@subsubsection=\count107
\c@paragraph=\count108

Using 'Abbrev' bibliography style
LaTeX Info: Redefining \cite on input line 1408.
\bibindent=\dimen122
\colcntr=\count109
\saveb@x=\box29
\copyrtyr=\toks32
\acmcopyr=\toks33
\boilerplate=\toks34
(D:\CTEX\MiKTeX\tex\latex\ltxmisc\url.sty
\Urlmuskip=\muskip11
Package: url 2006/04/12  ver 3.3  Verb mode for urls, etc.
)
(C:\Users\liu\Desktop\王老师修改\liufangyuan-paper-master\acmcopyright.sty
Package: acmcopyright 2014/06/29 v1.2 Copyright statemens for ACM classes
(D:\CTEX\MiKTeX\tex\latex\xkeyval\xkeyval.sty
Package: xkeyval 2008/08/13 v2.6a package option processing (HA)

(D:\CTEX\MiKTeX\tex\generic\xkeyval\xkeyval.tex
\XKV@toks=\toks35
\XKV@tempa@toks=\toks36
\XKV@depth=\count110
File: xkeyval.tex 2008/08/13 v2.6a key=value parser (HA)
)))
\copyrightetc=\toks37

(D:\CTEX\MiKTeX\tex\latex\base\fontenc.sty
Package: fontenc 2005/09/27 v1.99g Standard LaTeX package

(D:\CTEX\MiKTeX\tex\latex\base\t1enc.def
File: t1enc.def 2005/09/27 v1.99g Standard LaTeX file
LaTeX Font Info:    Redeclaring font encoding T1 on input line 43.
)
LaTeX Font Info:    Try loading font information for T1+aer on input line 100.
 (D:\CTEX\MiKTeX\tex\latex\ae\t1aer.fd
File: t1aer.fd 1997/11/16 Font definitions for T1/aer.
))) (D:\CTEX\MiKTeX\tex\latex\multirow\multirow.sty
\bigstrutjot=\dimen123
)
(D:\CTEX\MiKTeX\tex\latex\booktabs\booktabs.sty
Package: booktabs 2005/04/14 v1.61803 publication quality tables
\heavyrulewidth=\dimen124
\lightrulewidth=\dimen125
\cmidrulewidth=\dimen126
\belowrulesep=\dimen127
\belowbottomsep=\dimen128
\aboverulesep=\dimen129
\abovetopsep=\dimen130
\cmidrulesep=\dimen131
\cmidrulekern=\dimen132
\defaultaddspace=\dimen133
\@cmidla=\count111
\@cmidlb=\count112
\@aboverulesep=\dimen134
\@belowrulesep=\dimen135
\@thisruleclass=\count113
\@lastruleclass=\count114
\@thisrulewidth=\dimen136
)
(D:\CTEX\MiKTeX\tex\latex\threeparttable\threeparttable.sty
Package: threeparttable 2003/06/13  v 3.0
\@tempboxb=\box30
)
(D:\CTEX\MiKTeX\tex\latex\listings\listings.sty
\lst@mode=\count115
\lst@gtempboxa=\box31
\lst@token=\toks38
\lst@length=\count116
\lst@currlwidth=\dimen137
\lst@column=\count117
\lst@pos=\count118
\lst@lostspace=\dimen138
\lst@width=\dimen139
\lst@newlines=\count119
\lst@lineno=\count120
\abovecaptionskip=\skip44
\belowcaptionskip=\skip45
\lst@maxwidth=\dimen140

(D:\CTEX\MiKTeX\tex\latex\listings\lstmisc.sty
File: lstmisc.sty 2007/02/22 1.4 (Carsten Heinz)
\c@lstnumber=\count121
\lst@skipnumbers=\count122
\lst@framebox=\box32
)
(D:\CTEX\MiKTeX\tex\latex\listings\listings.cfg
File: listings.cfg 2007/02/22 1.4 listings configuration
))
Package: listings 2007/02/22 1.4 (Carsten Heinz)

(D:\CTEX\MiKTeX\tex\latex\graphics\color.sty
Package: color 2005/11/14 v1.0j Standard LaTeX Color (DPC)

(D:\CTEX\MiKTeX\tex\latex\00miktex\color.cfg
File: color.cfg 2007/01/18 v1.5 color configuration of teTeX/TeXLive
)
Package color Info: Driver file: pdftex.def on input line 130.
)
(D:\CTEX\MiKTeX\tex\latex\enumitem\enumitem.sty
Package: enumitem 2011/09/28 v3.5.2 Customized lists
\labelindent=\skip46
\enit@outerparindent=\dimen141
\enit@toks=\toks39
\enit@inbox=\box33
\enitdp@description=\count123
)
(D:\CTEX\MiKTeX\tex\latex\xcolor\xcolor.sty
Package: xcolor 2007/01/21 v2.11 LaTeX color extensions (UK)

(D:\CTEX\MiKTeX\tex\latex\00miktex\color.cfg
File: color.cfg 2007/01/18 v1.5 color configuration of teTeX/TeXLive
)
Package xcolor Info: Driver file: pdftex.def on input line 225.

(D:\CTEX\MiKTeX\tex\latex\colortbl\colortbl.sty
Package: colortbl 2001/02/13 v0.1j Color table columns (DPC)

(D:\CTEX\MiKTeX\tex\latex\tools\array.sty
Package: array 2008/09/09 v2.4c Tabular extension package (FMi)
\col@sep=\dimen142
\extrarowheight=\dimen143
\NC@list=\toks40
\extratabsurround=\skip47
\backup@length=\skip48
)
\everycr=\toks41
\minrowclearance=\skip49
)
LaTeX Info: Redefining \color on input line 702.
\rownum=\count124
Package xcolor Info: Model `cmy' substituted by `cmy0' on input line 1337.
Package xcolor Info: Model `hsb' substituted by `rgb' on input line 1341.
Package xcolor Info: Model `RGB' extended on input line 1353.
Package xcolor Info: Model `HTML' substituted by `rgb' on input line 1355.
Package xcolor Info: Model `Hsb' substituted by `hsb' on input line 1356.
Package xcolor Info: Model `tHsb' substituted by `hsb' on input line 1357.
Package xcolor Info: Model `HSB' substituted by `hsb' on input line 1358.
Package xcolor Info: Model `Gray' substituted by `gray' on input line 1359.
Package xcolor Info: Model `wave' substituted by `hsb' on input line 1360.
)
(D:\CTEX\MiKTeX\tex\generic\babel\babel.sty
Package: babel 2008/07/08 v3.8m The Babel package

*************************************
* Local config file bblopts.cfg used
*
(D:\CTEX\MiKTeX\tex\latex\00miktex\bblopts.cfg
File: bblopts.cfg 2006/07/31 v1.0 MiKTeX 'babel' configuration
)
(D:\CTEX\MiKTeX\tex\generic\babel\english.ldf
Language: english 2005/03/30 v3.3o English support from the babel system

(D:\CTEX\MiKTeX\tex\generic\babel\babel.def
File: babel.def 2008/07/08 v3.8m Babel common definitions
\babel@savecnt=\count125
\U@D=\dimen144
)
\l@british = a dialect from \language0
\l@UKenglish = a dialect from \language0
\l@american = a dialect from \language0
\l@canadian = a dialect from \language\l@american 
\l@australian = a dialect from \language\l@british 
\l@newzealand = a dialect from \language\l@british 
))
(D:\CTEX\MiKTeX\tex\latex\tools\xspace.sty
Package: xspace 2009/10/20 v1.13 Space after command names (DPC,MH)
)
(C:\Users\liu\Desktop\王老师修改\liufangyuan-paper-master\icstdoc.aux)
LaTeX Font Info:    Checking defaults for OML/cmm/m/it on input line 33.
LaTeX Font Info:    ... okay on input line 33.
LaTeX Font Info:    Checking defaults for T1/cmr/m/n on input line 33.
LaTeX Font Info:    ... okay on input line 33.
LaTeX Font Info:    Checking defaults for OT1/cmr/m/n on input line 33.
LaTeX Font Info:    ... okay on input line 33.
LaTeX Font Info:    Checking defaults for OMS/cmsy/m/n on input line 33.
LaTeX Font Info:    ... okay on input line 33.
LaTeX Font Info:    Checking defaults for OMX/cmex/m/n on input line 33.
LaTeX Font Info:    ... okay on input line 33.
LaTeX Font Info:    Checking defaults for U/cmr/m/n on input line 33.
LaTeX Font Info:    ... okay on input line 33.

(D:\CTEX\MiKTeX\tex\context\base\supp-pdf.mkii
[Loading MPS to PDF converter (version 2006.09.02).]
\scratchcounter=\count126
\scratchdimen=\dimen145
\scratchbox=\box34
\nofMPsegments=\count127
\nofMParguments=\count128
\everyMPshowfont=\toks42
\MPscratchCnt=\count129
\MPscratchDim=\dimen146
\MPnumerator=\count130
\makeMPintoPDFobject=\count131
\everyMPtoPDFconversion=\toks43
)
\c@lstlisting=\count132
LaTeX Font Info:    Try loading font information for U+msa on input line 37.
 (D:\CTEX\MiKTeX\tex\latex\amsfonts\umsa.fd
File: umsa.fd 2009/06/22 v3.00 AMS symbols A
)
LaTeX Font Info:    Try loading font information for U+msb on input line 37.

(D:\CTEX\MiKTeX\tex\latex\amsfonts\umsb.fd
File: umsb.fd 2009/06/22 v3.00 AMS symbols B
)
LaTeX Font Info:    Try loading font information for U+lasy on input line 37.

(D:\CTEX\MiKTeX\tex\latex\base\ulasy.fd
File: ulasy.fd 1998/08/17 v2.2e LaTeX symbol font definitions
)
LaTeX Font Info:    Try loading font information for T1+ptm on input line 37.

(D:\CTEX\MiKTeX\tex\latex\psnfss\t1ptm.fd
File: t1ptm.fd 2001/06/04 font definitions for T1/ptm.
)
(C:\Users\liu\Desktop\王老师修改\liufangyuan-paper-master\introduction.tex

Overfull \hbox (25.5095pt too wide) in paragraph at lines 4--5
\T1/aer/m/n/9 walls[12, 27], In-tru-sion De-tec-tion & Pre-ven-tion Sys-tems (I
DPS)[16,
 []



pdfTeX warning: pdflatex.exe (file C:/Users/liu/Desktop/王老师修改/liufang
yuan-paper-master/fig/fig1.pdf): PDF inclusion: found PDF version <1.6>, but at
 most version <1.5> allowed
<fig/fig1.pdf, id=1, 842.89906pt x 527.93745pt>
File: fig/fig1.pdf Graphic file (type pdf)
 <use fig/fig1.pdf>
Package pdftex.def Info: fig/fig1.pdf used on input line 13.
(pdftex.def)             Requested size: 192.00073pt x 120.25497pt.

Underfull \vbox (badness 3428) has occurred while \output is active []

 [1{D:/CTEX/UserData/pdftex/config/pdftex.map{Unicode.sfd}{UGBK.sfd}}


 <C:/Users/liu/Desktop/王老师修改/liufangyuan-paper-master/fig/fig1.pdf>])

(C:\Users\liu\Desktop\王老师修改\liufangyuan-paper-master\background.tex
Overfull \hbox (13.3156pt too wide) in paragraph at lines 1--1
[]\secfnt THE AT-TACK-ING SCE-NARIO AND BACK-
 []



pdfTeX warning: pdflatex.exe (file C:/Users/liu/Desktop/王老师修改/liufang
yuan-paper-master/fig/fig2.pdf): PDF inclusion: found PDF version <1.6>, but at
 most version <1.5> allowed
<fig/fig2.pdf, id=54, 207.23763pt x 152.46591pt>
File: fig/fig2.pdf Graphic file (type pdf)
 <use fig/fig2.pdf>
Package pdftex.def Info: fig/fig2.pdf used on input line 13.
(pdftex.def)             Requested size: 192.00073pt x 141.25673pt.

(D:\CTEX\MiKTeX\tex\latex\listings\lstlang1.sty
File: lstlang1.sty 2004/09/05 1.3 listings language file
)
(D:\CTEX\MiKTeX\tex\latex\listings\lstmisc.sty
File: lstmisc.sty 2007/02/22 1.4 (Carsten Heinz)
)

Package Listings Warning: Text dropped after begin of listing on input line 21.



Package Listings Warning: Text dropped after begin of listing on input line 29.



Overfull \hbox (4.71555pt too wide) in paragraph at lines 40--41
[]\T1/aer/bx/n/9 Android Ap-pli-ca-tion and run-time en-vi-ron-ment. \T1/aer/m/
n/9 An-
 []

[2 <C:/Users/liu/Desktop/王老师修改/liufangyuan-paper-master/fig/fig2.pdf>
] <fig/fig3.pdf, id=70, 278.11723pt x 298.2908pt>
File: fig/fig3.pdf Graphic file (type pdf)
 <use fig/fig3.pdf>
Package pdftex.def Info: fig/fig3.pdf used on input line 47.
(pdftex.def)             Requested size: 192.00073pt x 205.9301pt.

Overfull \hbox (3.27487pt too wide) in paragraph at lines 55--56
[]\T1/aer/bx/n/9 Verify Byte-code. \T1/aer/m/n/9 Byte-code ver-i-fier ver-i-fie
s the loaded
 []

) (C:\Users\liu\Desktop\王老师修改\liufangyuan-paper-master\overview.tex

pdfTeX warning: pdflatex.exe (file C:/Users/liu/Desktop/王老师修改/liufang
yuan-paper-master/fig/fig4.pdf): PDF inclusion: found PDF version <1.6>, but at
 most version <1.5> allowed
<fig/fig4.pdf, id=71, 261.4278pt x 127.93236pt>
File: fig/fig4.pdf Graphic file (type pdf)
 <use fig/fig4.pdf>
Package pdftex.def Info: fig/fig4.pdf used on input line 14.
(pdftex.def)             Requested size: 240.0pt x 117.44737pt.
 [3 <C:/Users/liu/Desktop/王老师修改/liufangyuan-paper-master/fig/fig3.pdf
> <C:/Users/liu/Desktop/王老师修改/liufangyuan-paper-master/fig/fig4.pdf>]


pdfTeX warning: pdflatex.exe (file C:/Users/liu/Desktop/王老师修改/liufang
yuan-paper-master/fig/fig5.pdf): PDF inclusion: found PDF version <1.6>, but at
 most version <1.5> allowed
<fig/fig5.pdf, id=93, 195.09026pt x 156.05934pt>
File: fig/fig5.pdf Graphic file (type pdf)
 <use fig/fig5.pdf>
Package pdftex.def Info: fig/fig5.pdf used on input line 33.
(pdftex.def)             Requested size: 192.00073pt x 153.59671pt.
LaTeX Font Info:    Try loading font information for OMS+aer on input line 53.

(D:\CTEX\MiKTeX\tex\latex\ae\omsaer.fd
File: omsaer.fd 1999/12/27
)
LaTeX Font Info:    Font shape `OMS/aer/m/it' in size <9> not available
(Font)              Font shape `OMS/cmsy/m/n' tried instead on input line 53.
LaTeX Font Info:    Font shape `OMS/aer/m/n' in size <9> not available
(Font)              Font shape `OMS/cmsy/m/n' tried instead on input line 53.
 [4 <C:/Users/liu/Desktop/王老师修改/liufangyuan-paper-master/fig/fig5.pdf
>]

pdfTeX warning: pdflatex.exe (file C:/Users/liu/Desktop/王老师修改/liufang
yuan-paper-master/fig/fig6.pdf): PDF inclusion: found PDF version <1.6>, but at
 most version <1.5> allowed
<fig/fig6.pdf, id=111, 203.9072pt x 129.37575pt>
File: fig/fig6.pdf Graphic file (type pdf)
 <use fig/fig6.pdf>
Package pdftex.def Info: fig/fig6.pdf used on input line 94.
(pdftex.def)             Requested size: 192.00073pt x 121.82048pt.
)
(C:\Users\liu\Desktop\王老师修改\liufangyuan-paper-master\evaluation.tex

pdfTeX warning: pdflatex.exe (file C:/Users/liu/Desktop/王老师修改/liufang
yuan-paper-master/fig/fig7.pdf): PDF inclusion: found PDF version <1.6>, but at
 most version <1.5> allowed
<fig/fig7.pdf, id=112, 189.35281pt x 140.29796pt>
File: fig/fig7.pdf Graphic file (type pdf)
 <use fig/fig7.pdf>
Package pdftex.def Info: fig/fig7.pdf used on input line 32.
(pdftex.def)             Requested size: 192.00073pt x 142.26497pt.
 [5 <C:/Users/liu/Desktop/王老师修改/liufangyuan-paper-master/fig/fig6.pdf
>]

pdfTeX warning: pdflatex.exe (file C:/Users/liu/Desktop/王老师修改/liufang
yuan-paper-master/fig/fig8.pdf): PDF inclusion: found PDF version <1.6>, but at
 most version <1.5> allowed
<fig/fig8.pdf, id=126, 578.69809pt x 397.67973pt>
File: fig/fig8.pdf Graphic file (type pdf)
 <use fig/fig8.pdf>
Package pdftex.def Info: fig/fig8.pdf used on input line 108.
(pdftex.def)             Requested size: 192.00073pt x 131.93861pt.
)
(C:\Users\liu\Desktop\王老师修改\liufangyuan-paper-master\relatedwork.tex
[6 <C:/Users/liu/Desktop/王老师修改/liufangyuan-paper-master/fig/fig7.pdf>
 <C:/Users/liu/Desktop/王老师修改/liufangyuan-paper-master/fig/fig8.pdf>])
(C:\Users\liu\Desktop\王老师修改\liufangyuan-paper-master\conclusion.tex
Underfull \vbox (badness 1005) has occurred while \output is active []

)
(C:\Users\liu\Desktop\王老师修改\liufangyuan-paper-master\acknowledge.tex
Overfull \hbox (1.52676pt too wide) in paragraph at lines 6--1
[]\T1/aer/m/n/9 In the fu-ture work, we will uti-lize the tech-nol-ogy of contr
ol-
 []

) (C:\Users\liu\Desktop\王老师修改\liufangyuan-paper-master\icstdoc.bbl
[7]
Underfull \vbox (badness 10000) has occurred while \output is active []

) [8]
(C:\Users\liu\Desktop\王老师修改\liufangyuan-paper-master\icstdoc.aux) ) 
Here is how much of TeX's memory you used:
 5674 strings out of 495354
 73232 string characters out of 3183859
 181683 words of memory out of 3000000
 8665 multiletter control sequences out of 15000+200000
 64194 words of font info for 88 fonts, out of 3000000 for 9000
 14 hyphenation exceptions out of 8191
 41i,14n,74p,1286b,1417s stack positions out of 5000i,500n,10000p,200000b,50000s
{D
:/CTEX/MiKTeX/fonts/enc/dvips/fontname/8r.enc}<D:/CTEX/MiKTeX/fonts/type1/publi
c/amsfonts/cm/cmbx9.pfb><D:/CTEX/MiKTeX/fonts/type1/public/amsfonts/cm/cmbxti10
.pfb><D:/CTEX/MiKTeX/fonts/type1/public/amsfonts/cm/cmcsc10.pfb><D:/CTEX/MiKTeX
/fonts/type1/public/amsfonts/cm/cmmi6.pfb><D:/CTEX/MiKTeX/fonts/type1/public/am
sfonts/cm/cmmi9.pfb><D:/CTEX/MiKTeX/fonts/type1/public/amsfonts/cm/cmr5.pfb><D:
/CTEX/MiKTeX/fonts/type1/public/amsfonts/cm/cmr8.pfb><D:/CTEX/MiKTeX/fonts/type
1/public/amsfonts/cm/cmr9.pfb><D:/CTEX/MiKTeX/fonts/type1/public/amsfonts/cm/cm
sy9.pfb><D:/CTEX/MiKTeX/fonts/type1/public/amsfonts/cm/cmti9.pfb><D:/CTEX/MiKTe
X/fonts/type1/public/amsfonts/symbols/msam10.pfb><D:/CTEX/MiKTeX/fonts/type1/ur
w/helvetic/uhvb8a.pfb><D:/CTEX/MiKTeX/fonts/type1/urw/times/utmb8a.pfb><D:/CTEX
/MiKTeX/fonts/type1/urw/times/utmr8a.pfb>
Output written on icstdoc.pdf (8 pages, 427183 bytes).
PDF statistics:
 198 PDF objects out of 1000 (max. 8388607)
 0 named destinations out of 1000 (max. 500000)
 41 words of extra memory for PDF output out of 10000 (max. 10000000)

